<?xml version="1.0" encoding="UTF-8" ?>
<testsuite tests="1" failures="0" name="io.eigr.spawn.AppTest" time="10.608" errors="1" skipped="0">
  <properties>
    <property name="java.runtime.name" value="OpenJDK Runtime Environment"/>
    <property name="java.vm.version" value="11.0.15+10-Ubuntu-0ubuntu0.21.10.1"/>
    <property name="sun.boot.library.path" value="/usr/lib/jvm/java-11-openjdk-amd64/lib"/>
    <property name="java.vm.vendor" value="Private Build"/>
    <property name="java.vendor.url" value="Unknown"/>
    <property name="path.separator" value=":"/>
    <property name="java.vm.name" value="OpenJDK 64-Bit Server VM"/>
    <property name="sun.os.patch.level" value="unknown"/>
    <property name="user.country" value="US"/>
    <property name="sun.java.launcher" value="SUN_STANDARD"/>
    <property name="java.vm.specification.name" value="Java Virtual Machine Specification"/>
    <property name="user.dir" value="/home/sleipnir/workspaces/eigr/spawn/sdks/jvm/spawn-jvm"/>
    <property name="java.vm.compressedOopsMode" value="Zero based"/>
    <property name="java.runtime.version" value="11.0.15+10-Ubuntu-0ubuntu0.21.10.1"/>
    <property name="java.awt.graphicsenv" value="sun.awt.X11GraphicsEnvironment"/>
    <property name="basedir" value="/home/sleipnir/workspaces/eigr/spawn/sdks/jvm/spawn-jvm"/>
    <property name="os.arch" value="amd64"/>
    <property name="surefire.real.class.path" value="/home/sleipnir/workspaces/eigr/spawn/sdks/jvm/spawn-jvm/target/surefire/surefirebooter11991507453846275676.jar"/>
    <property name="java.io.tmpdir" value="/tmp"/>
    <property name="line.separator" value="
"/>
    <property name="java.vm.specification.vendor" value="Oracle Corporation"/>
    <property name="os.name" value="Linux"/>
    <property name="sun.jnu.encoding" value="UTF-8"/>
    <property name="java.library.path" value="/usr/java/packages/lib:/usr/lib/x86_64-linux-gnu/jni:/lib/x86_64-linux-gnu:/usr/lib/x86_64-linux-gnu:/usr/lib/jni:/lib:/usr/lib"/>
    <property name="surefire.test.class.path" value="/home/sleipnir/workspaces/eigr/spawn/sdks/jvm/spawn-jvm/target/test-classes:/home/sleipnir/workspaces/eigr/spawn/sdks/jvm/spawn-jvm/target/classes:/home/sleipnir/.m2/repository/com/squareup/okhttp3/okhttp/4.9.3/okhttp-4.9.3.jar:/home/sleipnir/.m2/repository/com/squareup/okio/okio/2.8.0/okio-2.8.0.jar:/home/sleipnir/.m2/repository/org/jetbrains/kotlin/kotlin-stdlib-common/1.4.0/kotlin-stdlib-common-1.4.0.jar:/home/sleipnir/.m2/repository/org/jetbrains/kotlin/kotlin-stdlib/1.4.10/kotlin-stdlib-1.4.10.jar:/home/sleipnir/.m2/repository/org/jetbrains/annotations/13.0/annotations-13.0.jar:/home/sleipnir/.m2/repository/com/lightbend/akka/grpc/akka-grpc-runtime_2.12/2.1.1/akka-grpc-runtime_2.12-2.1.1.jar:/home/sleipnir/.m2/repository/org/scala-lang/scala-library/2.12.14/scala-library-2.12.14.jar:/home/sleipnir/.m2/repository/com/thesamet/scalapb/scalapb-runtime_2.12/0.11.6/scalapb-runtime_2.12-0.11.6.jar:/home/sleipnir/.m2/repository/com/thesamet/scalapb/lenses_2.12/0.11.6/lenses_2.12-0.11.6.jar:/home/sleipnir/.m2/repository/com/google/protobuf/protobuf-java/3.15.8/protobuf-java-3.15.8.jar:/home/sleipnir/.m2/repository/io/grpc/grpc-core/1.41.0/grpc-core-1.41.0.jar:/home/sleipnir/.m2/repository/io/grpc/grpc-api/1.41.0/grpc-api-1.41.0.jar:/home/sleipnir/.m2/repository/io/grpc/grpc-context/1.41.0/grpc-context-1.41.0.jar:/home/sleipnir/.m2/repository/com/google/code/findbugs/jsr305/3.0.2/jsr305-3.0.2.jar:/home/sleipnir/.m2/repository/com/google/code/gson/gson/2.8.6/gson-2.8.6.jar:/home/sleipnir/.m2/repository/com/google/android/annotations/4.1.1.4/annotations-4.1.1.4.jar:/home/sleipnir/.m2/repository/org/codehaus/mojo/animal-sniffer-annotations/1.19/animal-sniffer-annotations-1.19.jar:/home/sleipnir/.m2/repository/com/google/errorprone/error_prone_annotations/2.9.0/error_prone_annotations-2.9.0.jar:/home/sleipnir/.m2/repository/com/google/guava/guava/30.1-android/guava-30.1-android.jar:/home/sleipnir/.m2/repository/com/google/guava/failureaccess/1.0.1/failureaccess-1.0.1.jar:/home/sleipnir/.m2/repository/com/google/guava/listenablefuture/9999.0-empty-to-avoid-conflict-with-guava/listenablefuture-9999.0-empty-to-avoid-conflict-with-guava.jar:/home/sleipnir/.m2/repository/org/checkerframework/checker-compat-qual/2.5.5/checker-compat-qual-2.5.5.jar:/home/sleipnir/.m2/repository/com/google/j2objc/j2objc-annotations/1.3/j2objc-annotations-1.3.jar:/home/sleipnir/.m2/repository/io/perfmark/perfmark-api/0.23.0/perfmark-api-0.23.0.jar:/home/sleipnir/.m2/repository/io/grpc/grpc-netty-shaded/1.41.0/grpc-netty-shaded-1.41.0.jar:/home/sleipnir/.m2/repository/com/typesafe/akka/akka-http-core_2.12/10.2.7/akka-http-core_2.12-10.2.7.jar:/home/sleipnir/.m2/repository/com/typesafe/akka/akka-parsing_2.12/10.2.7/akka-parsing_2.12-10.2.7.jar:/home/sleipnir/.m2/repository/com/typesafe/akka/akka-http_2.12/10.2.7/akka-http_2.12-10.2.7.jar:/home/sleipnir/.m2/repository/org/scala-lang/modules/scala-collection-compat_2.12/2.5.0/scala-collection-compat_2.12-2.5.0.jar:/home/sleipnir/.m2/repository/com/lightbend/akka/akka-stream-alpakka-amqp_2.12/3.0.4/akka-stream-alpakka-amqp_2.12-3.0.4.jar:/home/sleipnir/.m2/repository/com/rabbitmq/amqp-client/5.3.0/amqp-client-5.3.0.jar:/home/sleipnir/.m2/repository/com/typesafe/akka/akka-stream_2.12/2.6.14/akka-stream_2.12-2.6.14.jar:/home/sleipnir/.m2/repository/com/typesafe/akka/akka-actor_2.12/2.6.14/akka-actor_2.12-2.6.14.jar:/home/sleipnir/.m2/repository/com/typesafe/config/1.4.0/config-1.4.0.jar:/home/sleipnir/.m2/repository/org/scala-lang/modules/scala-java8-compat_2.12/0.8.0/scala-java8-compat_2.12-0.8.0.jar:/home/sleipnir/.m2/repository/com/typesafe/akka/akka-protobuf-v3_2.12/2.6.14/akka-protobuf-v3_2.12-2.6.14.jar:/home/sleipnir/.m2/repository/org/reactivestreams/reactive-streams/1.0.3/reactive-streams-1.0.3.jar:/home/sleipnir/.m2/repository/com/typesafe/ssl-config-core_2.12/0.4.2/ssl-config-core_2.12-0.4.2.jar:/home/sleipnir/.m2/repository/org/scala-lang/modules/scala-parser-combinators_2.12/1.1.2/scala-parser-combinators_2.12-1.1.2.jar:/home/sleipnir/.m2/repository/com/typesafe/akka/akka-discovery_2.12/2.6.14/akka-discovery_2.12-2.6.14.jar:/home/sleipnir/.m2/repository/ch/qos/logback/logback-classic/1.2.3/logback-classic-1.2.3.jar:/home/sleipnir/.m2/repository/ch/qos/logback/logback-core/1.2.3/logback-core-1.2.3.jar:/home/sleipnir/.m2/repository/org/slf4j/slf4j-api/1.7.25/slf4j-api-1.7.25.jar:/home/sleipnir/.m2/repository/com/typesafe/akka/akka-actor-testkit-typed_2.12/2.6.14/akka-actor-testkit-typed_2.12-2.6.14.jar:/home/sleipnir/.m2/repository/com/typesafe/akka/akka-actor-typed_2.12/2.6.14/akka-actor-typed_2.12-2.6.14.jar:/home/sleipnir/.m2/repository/com/typesafe/akka/akka-slf4j_2.12/2.6.14/akka-slf4j_2.12-2.6.14.jar:/home/sleipnir/.m2/repository/com/typesafe/akka/akka-testkit_2.12/2.6.14/akka-testkit_2.12-2.6.14.jar:/home/sleipnir/.m2/repository/com/typesafe/akka/akka-stream-testkit_2.12/2.6.14/akka-stream-testkit_2.12-2.6.14.jar:/home/sleipnir/.m2/repository/io/projectreactor/reactor-core/3.2.11.RELEASE/reactor-core-3.2.11.RELEASE.jar:/home/sleipnir/.m2/repository/junit/junit/4.13.1/junit-4.13.1.jar:/home/sleipnir/.m2/repository/org/hamcrest/hamcrest-core/1.3/hamcrest-core-1.3.jar:"/>
    <property name="jdk.debug" value="release"/>
    <property name="java.class.version" value="55.0"/>
    <property name="java.specification.name" value="Java Platform API Specification"/>
    <property name="sun.management.compiler" value="HotSpot 64-Bit Tiered Compilers"/>
    <property name="os.version" value="5.17.5-76051705-generic"/>
    <property name="user.home" value="/home/sleipnir"/>
    <property name="user.timezone" value=""/>
    <property name="java.awt.printerjob" value="sun.print.PSPrinterJob"/>
    <property name="file.encoding" value="UTF-8"/>
    <property name="java.specification.version" value="11"/>
    <property name="user.name" value="sleipnir"/>
    <property name="java.class.path" value="/home/sleipnir/workspaces/eigr/spawn/sdks/jvm/spawn-jvm/target/test-classes:/home/sleipnir/workspaces/eigr/spawn/sdks/jvm/spawn-jvm/target/classes:/home/sleipnir/.m2/repository/com/squareup/okhttp3/okhttp/4.9.3/okhttp-4.9.3.jar:/home/sleipnir/.m2/repository/com/squareup/okio/okio/2.8.0/okio-2.8.0.jar:/home/sleipnir/.m2/repository/org/jetbrains/kotlin/kotlin-stdlib-common/1.4.0/kotlin-stdlib-common-1.4.0.jar:/home/sleipnir/.m2/repository/org/jetbrains/kotlin/kotlin-stdlib/1.4.10/kotlin-stdlib-1.4.10.jar:/home/sleipnir/.m2/repository/org/jetbrains/annotations/13.0/annotations-13.0.jar:/home/sleipnir/.m2/repository/com/lightbend/akka/grpc/akka-grpc-runtime_2.12/2.1.1/akka-grpc-runtime_2.12-2.1.1.jar:/home/sleipnir/.m2/repository/org/scala-lang/scala-library/2.12.14/scala-library-2.12.14.jar:/home/sleipnir/.m2/repository/com/thesamet/scalapb/scalapb-runtime_2.12/0.11.6/scalapb-runtime_2.12-0.11.6.jar:/home/sleipnir/.m2/repository/com/thesamet/scalapb/lenses_2.12/0.11.6/lenses_2.12-0.11.6.jar:/home/sleipnir/.m2/repository/com/google/protobuf/protobuf-java/3.15.8/protobuf-java-3.15.8.jar:/home/sleipnir/.m2/repository/io/grpc/grpc-core/1.41.0/grpc-core-1.41.0.jar:/home/sleipnir/.m2/repository/io/grpc/grpc-api/1.41.0/grpc-api-1.41.0.jar:/home/sleipnir/.m2/repository/io/grpc/grpc-context/1.41.0/grpc-context-1.41.0.jar:/home/sleipnir/.m2/repository/com/google/code/findbugs/jsr305/3.0.2/jsr305-3.0.2.jar:/home/sleipnir/.m2/repository/com/google/code/gson/gson/2.8.6/gson-2.8.6.jar:/home/sleipnir/.m2/repository/com/google/android/annotations/4.1.1.4/annotations-4.1.1.4.jar:/home/sleipnir/.m2/repository/org/codehaus/mojo/animal-sniffer-annotations/1.19/animal-sniffer-annotations-1.19.jar:/home/sleipnir/.m2/repository/com/google/errorprone/error_prone_annotations/2.9.0/error_prone_annotations-2.9.0.jar:/home/sleipnir/.m2/repository/com/google/guava/guava/30.1-android/guava-30.1-android.jar:/home/sleipnir/.m2/repository/com/google/guava/failureaccess/1.0.1/failureaccess-1.0.1.jar:/home/sleipnir/.m2/repository/com/google/guava/listenablefuture/9999.0-empty-to-avoid-conflict-with-guava/listenablefuture-9999.0-empty-to-avoid-conflict-with-guava.jar:/home/sleipnir/.m2/repository/org/checkerframework/checker-compat-qual/2.5.5/checker-compat-qual-2.5.5.jar:/home/sleipnir/.m2/repository/com/google/j2objc/j2objc-annotations/1.3/j2objc-annotations-1.3.jar:/home/sleipnir/.m2/repository/io/perfmark/perfmark-api/0.23.0/perfmark-api-0.23.0.jar:/home/sleipnir/.m2/repository/io/grpc/grpc-netty-shaded/1.41.0/grpc-netty-shaded-1.41.0.jar:/home/sleipnir/.m2/repository/com/typesafe/akka/akka-http-core_2.12/10.2.7/akka-http-core_2.12-10.2.7.jar:/home/sleipnir/.m2/repository/com/typesafe/akka/akka-parsing_2.12/10.2.7/akka-parsing_2.12-10.2.7.jar:/home/sleipnir/.m2/repository/com/typesafe/akka/akka-http_2.12/10.2.7/akka-http_2.12-10.2.7.jar:/home/sleipnir/.m2/repository/org/scala-lang/modules/scala-collection-compat_2.12/2.5.0/scala-collection-compat_2.12-2.5.0.jar:/home/sleipnir/.m2/repository/com/lightbend/akka/akka-stream-alpakka-amqp_2.12/3.0.4/akka-stream-alpakka-amqp_2.12-3.0.4.jar:/home/sleipnir/.m2/repository/com/rabbitmq/amqp-client/5.3.0/amqp-client-5.3.0.jar:/home/sleipnir/.m2/repository/com/typesafe/akka/akka-stream_2.12/2.6.14/akka-stream_2.12-2.6.14.jar:/home/sleipnir/.m2/repository/com/typesafe/akka/akka-actor_2.12/2.6.14/akka-actor_2.12-2.6.14.jar:/home/sleipnir/.m2/repository/com/typesafe/config/1.4.0/config-1.4.0.jar:/home/sleipnir/.m2/repository/org/scala-lang/modules/scala-java8-compat_2.12/0.8.0/scala-java8-compat_2.12-0.8.0.jar:/home/sleipnir/.m2/repository/com/typesafe/akka/akka-protobuf-v3_2.12/2.6.14/akka-protobuf-v3_2.12-2.6.14.jar:/home/sleipnir/.m2/repository/org/reactivestreams/reactive-streams/1.0.3/reactive-streams-1.0.3.jar:/home/sleipnir/.m2/repository/com/typesafe/ssl-config-core_2.12/0.4.2/ssl-config-core_2.12-0.4.2.jar:/home/sleipnir/.m2/repository/org/scala-lang/modules/scala-parser-combinators_2.12/1.1.2/scala-parser-combinators_2.12-1.1.2.jar:/home/sleipnir/.m2/repository/com/typesafe/akka/akka-discovery_2.12/2.6.14/akka-discovery_2.12-2.6.14.jar:/home/sleipnir/.m2/repository/ch/qos/logback/logback-classic/1.2.3/logback-classic-1.2.3.jar:/home/sleipnir/.m2/repository/ch/qos/logback/logback-core/1.2.3/logback-core-1.2.3.jar:/home/sleipnir/.m2/repository/org/slf4j/slf4j-api/1.7.25/slf4j-api-1.7.25.jar:/home/sleipnir/.m2/repository/com/typesafe/akka/akka-actor-testkit-typed_2.12/2.6.14/akka-actor-testkit-typed_2.12-2.6.14.jar:/home/sleipnir/.m2/repository/com/typesafe/akka/akka-actor-typed_2.12/2.6.14/akka-actor-typed_2.12-2.6.14.jar:/home/sleipnir/.m2/repository/com/typesafe/akka/akka-slf4j_2.12/2.6.14/akka-slf4j_2.12-2.6.14.jar:/home/sleipnir/.m2/repository/com/typesafe/akka/akka-testkit_2.12/2.6.14/akka-testkit_2.12-2.6.14.jar:/home/sleipnir/.m2/repository/com/typesafe/akka/akka-stream-testkit_2.12/2.6.14/akka-stream-testkit_2.12-2.6.14.jar:/home/sleipnir/.m2/repository/io/projectreactor/reactor-core/3.2.11.RELEASE/reactor-core-3.2.11.RELEASE.jar:/home/sleipnir/.m2/repository/junit/junit/4.13.1/junit-4.13.1.jar:/home/sleipnir/.m2/repository/org/hamcrest/hamcrest-core/1.3/hamcrest-core-1.3.jar:"/>
    <property name="java.vm.specification.version" value="11"/>
    <property name="sun.arch.data.model" value="64"/>
    <property name="sun.java.command" value="/home/sleipnir/workspaces/eigr/spawn/sdks/jvm/spawn-jvm/target/surefire/surefirebooter11991507453846275676.jar /home/sleipnir/workspaces/eigr/spawn/sdks/jvm/spawn-jvm/target/surefire/surefire5114067918482787826tmp /home/sleipnir/workspaces/eigr/spawn/sdks/jvm/spawn-jvm/target/surefire/surefire15348473040042521615tmp"/>
    <property name="java.home" value="/usr/lib/jvm/java-11-openjdk-amd64"/>
    <property name="user.language" value="en"/>
    <property name="java.specification.vendor" value="Oracle Corporation"/>
    <property name="awt.toolkit" value="sun.awt.X11.XToolkit"/>
    <property name="java.vm.info" value="mixed mode, sharing"/>
    <property name="java.version" value="11.0.15"/>
    <property name="java.vendor" value="Private Build"/>
    <property name="localRepository" value="/home/sleipnir/.m2/repository"/>
    <property name="file.separator" value="/"/>
    <property name="java.version.date" value="2022-04-19"/>
    <property name="java.vendor.url.bug" value="Unknown"/>
    <property name="sun.io.unicode.encoding" value="UnicodeLittle"/>
    <property name="sun.cpu.endian" value="little"/>
    <property name="sun.desktop" value="gnome"/>
    <property name="sun.cpu.isalist" value=""/>
  </properties>
  <testcase classname="io.eigr.spawn.AppTest" name="shouldAnswerWithTrue" time="10.519">
    <error message="Failed to connect to localhost/0:0:0:0:0:0:0:1:9001" type="java.net.ConnectException">java.net.ConnectException: Failed to connect to localhost/0:0:0:0:0:0:0:1:9001
	at okhttp3.internal.connection.RealConnection.connectSocket(RealConnection.kt:297)
	at okhttp3.internal.connection.RealConnection.connect(RealConnection.kt:207)
	at okhttp3.internal.connection.ExchangeFinder.findConnection(ExchangeFinder.kt:226)
	at okhttp3.internal.connection.ExchangeFinder.findHealthyConnection(ExchangeFinder.kt:106)
	at okhttp3.internal.connection.ExchangeFinder.find(ExchangeFinder.kt:74)
	at okhttp3.internal.connection.RealCall.initExchange$okhttp(RealCall.kt:255)
	at okhttp3.internal.connection.ConnectInterceptor.intercept(ConnectInterceptor.kt:32)
	at okhttp3.internal.http.RealInterceptorChain.proceed(RealInterceptorChain.kt:109)
	at okhttp3.internal.cache.CacheInterceptor.intercept(CacheInterceptor.kt:95)
	at okhttp3.internal.http.RealInterceptorChain.proceed(RealInterceptorChain.kt:109)
	at okhttp3.internal.http.BridgeInterceptor.intercept(BridgeInterceptor.kt:83)
	at okhttp3.internal.http.RealInterceptorChain.proceed(RealInterceptorChain.kt:109)
	at okhttp3.internal.http.RetryAndFollowUpInterceptor.intercept(RetryAndFollowUpInterceptor.kt:76)
	at okhttp3.internal.http.RealInterceptorChain.proceed(RealInterceptorChain.kt:109)
	at okhttp3.internal.connection.RealCall.getResponseWithInterceptorChain$okhttp(RealCall.kt:201)
	at okhttp3.internal.connection.RealCall.execute(RealCall.kt:154)
	at io.eigr.spawn.AppTest.shouldAnswerWithTrue(AppTest.java:115)
	at java.base/jdk.internal.reflect.NativeMethodAccessorImpl.invoke0(Native Method)
	at java.base/jdk.internal.reflect.NativeMethodAccessorImpl.invoke(NativeMethodAccessorImpl.java:62)
	at java.base/jdk.internal.reflect.DelegatingMethodAccessorImpl.invoke(DelegatingMethodAccessorImpl.java:43)
	at java.base/java.lang.reflect.Method.invoke(Method.java:566)
	at org.junit.runners.model.FrameworkMethod$1.runReflectiveCall(FrameworkMethod.java:59)
	at org.junit.internal.runners.model.ReflectiveCallable.run(ReflectiveCallable.java:12)
	at org.junit.runners.model.FrameworkMethod.invokeExplosively(FrameworkMethod.java:56)
	at org.junit.internal.runners.statements.InvokeMethod.evaluate(InvokeMethod.java:17)
	at org.junit.rules.ExternalResource$1.evaluate(ExternalResource.java:54)
	at org.junit.runners.ParentRunner$3.evaluate(ParentRunner.java:306)
	at org.junit.runners.BlockJUnit4ClassRunner$1.evaluate(BlockJUnit4ClassRunner.java:100)
	at org.junit.runners.ParentRunner.runLeaf(ParentRunner.java:366)
	at org.junit.runners.BlockJUnit4ClassRunner.runChild(BlockJUnit4ClassRunner.java:103)
	at org.junit.runners.BlockJUnit4ClassRunner.runChild(BlockJUnit4ClassRunner.java:63)
	at org.junit.runners.ParentRunner$4.run(ParentRunner.java:331)
	at org.junit.runners.ParentRunner$1.schedule(ParentRunner.java:79)
	at org.junit.runners.ParentRunner.runChildren(ParentRunner.java:329)
	at org.junit.runners.ParentRunner.access$100(ParentRunner.java:66)
	at org.junit.runners.ParentRunner$2.evaluate(ParentRunner.java:293)
	at org.junit.runners.ParentRunner$3.evaluate(ParentRunner.java:306)
	at org.junit.runners.ParentRunner.run(ParentRunner.java:413)
	at org.apache.maven.surefire.junit4.JUnit4TestSet.execute(JUnit4TestSet.java:104)
	at org.apache.maven.surefire.junit4.JUnit4Provider.executeTestSet(JUnit4Provider.java:147)
	at org.apache.maven.surefire.junit4.JUnit4Provider.invoke(JUnit4Provider.java:98)
	at java.base/jdk.internal.reflect.NativeMethodAccessorImpl.invoke0(Native Method)
	at java.base/jdk.internal.reflect.NativeMethodAccessorImpl.invoke(NativeMethodAccessorImpl.java:62)
	at java.base/jdk.internal.reflect.DelegatingMethodAccessorImpl.invoke(DelegatingMethodAccessorImpl.java:43)
	at java.base/java.lang.reflect.Method.invoke(Method.java:566)
	at org.apache.maven.surefire.booter.ProviderFactory$ClassLoaderProxy.invoke(ProviderFactory.java:101)
	at com.sun.proxy.$Proxy0.invoke(Unknown Source)
	at org.apache.maven.surefire.booter.SurefireStarter.invokeProvider(SurefireStarter.java:139)
	at org.apache.maven.surefire.booter.SurefireStarter.runSuitesInProcess(SurefireStarter.java:82)
	at org.apache.maven.surefire.booter.ForkedBooter.main(ForkedBooter.java:81)
	Suppressed: java.io.IOException: unexpected end of stream on http://localhost:9001/...
		at okhttp3.internal.http1.Http1ExchangeCodec.readResponseHeaders(Http1ExchangeCodec.kt:202)
		at okhttp3.internal.connection.Exchange.readResponseHeaders(Exchange.kt:106)
		at okhttp3.internal.http.CallServerInterceptor.intercept(CallServerInterceptor.kt:79)
		at okhttp3.internal.http.RealInterceptorChain.proceed(RealInterceptorChain.kt:109)
		at okhttp3.internal.connection.ConnectInterceptor.intercept(ConnectInterceptor.kt:34)
		... 43 more
	Caused by: java.io.EOFException: \n not found: limit=0 content=…
		at okio.RealBufferedSource.readUtf8LineStrict(RealBufferedSource.kt:332)
		at okhttp3.internal.http1.HeadersReader.readLine(HeadersReader.kt:29)
		at okhttp3.internal.http1.Http1ExchangeCodec.readResponseHeaders(Http1ExchangeCodec.kt:178)
		... 47 more
	Suppressed: java.io.IOException: unexpected end of stream on http://localhost:9001/...
		at okhttp3.internal.http1.Http1ExchangeCodec.readResponseHeaders(Http1ExchangeCodec.kt:202)
		at okhttp3.internal.connection.Exchange.readResponseHeaders(Exchange.kt:106)
		at okhttp3.internal.http.CallServerInterceptor.intercept(CallServerInterceptor.kt:79)
		at okhttp3.internal.http.RealInterceptorChain.proceed(RealInterceptorChain.kt:109)
		at okhttp3.internal.connection.ConnectInterceptor.intercept(ConnectInterceptor.kt:34)
		... 43 more
	Caused by: java.io.EOFException: \n not found: limit=0 content=…
		at okio.RealBufferedSource.readUtf8LineStrict(RealBufferedSource.kt:332)
		at okhttp3.internal.http1.HeadersReader.readLine(HeadersReader.kt:29)
		at okhttp3.internal.http1.Http1ExchangeCodec.readResponseHeaders(Http1ExchangeCodec.kt:178)
		... 47 more
Caused by: java.net.ConnectException: Connection refused (Connection refused)
	at java.base/java.net.PlainSocketImpl.socketConnect(Native Method)
	at java.base/java.net.AbstractPlainSocketImpl.doConnect(AbstractPlainSocketImpl.java:412)
	at java.base/java.net.AbstractPlainSocketImpl.connectToAddress(AbstractPlainSocketImpl.java:255)
	at java.base/java.net.AbstractPlainSocketImpl.connect(AbstractPlainSocketImpl.java:237)
	at java.base/java.net.SocksSocketImpl.connect(SocksSocketImpl.java:392)
	at java.base/java.net.Socket.connect(Socket.java:609)
	at okhttp3.internal.platform.Platform.connectSocket(Platform.kt:128)
	at okhttp3.internal.connection.RealConnection.connectSocket(RealConnection.kt:295)
	... 49 more
</error>
    <system-out>@HL
@HL-------------------------------------------------------
@HL T E S T S
@HL-------------------------------------------------------
@SLRunning io.eigr.spawn.AppTest
Server started on port 8080
Send registration request...
Registration response: proxy_info {
  protocol_major_version: 1
  protocol_minor_version: 2
  proxy_name: &quot;spawn&quot;
  proxy_version: &quot;0.1.0&quot;
}

Send Invocation request...
[java.io.IOException: unexpected end of stream on http://localhost:9001/..., java.io.IOException: unexpected end of stream on http://localhost:9001/...]
</system-out>
  </testcase>
</testsuite>