<?xml version="1.0" encoding="UTF-8" ?>
<testsuite tests="1" failures="0" name="io.eigr.spawn.AppTest" time="11.86" errors="0" skipped="0">
  <properties>
    <property name="java.runtime.name" value="OpenJDK Runtime Environment"/>
    <property name="java.vm.version" value="11.0.15+10-Ubuntu-0ubuntu0.21.10.1"/>
    <property name="sun.boot.library.path" value="/usr/lib/jvm/java-11-openjdk-amd64/lib"/>
    <property name="java.vm.vendor" value="Private Build"/>
    <property name="java.vendor.url" value="Unknown"/>
    <property name="path.separator" value=":"/>
    <property name="java.vm.name" value="OpenJDK 64-Bit Server VM"/>
    <property name="sun.os.patch.level" value="unknown"/>
    <property name="user.country" value="US"/>
    <property name="sun.java.launcher" value="SUN_STANDARD"/>
    <property name="java.vm.specification.name" value="Java Virtual Machine Specification"/>
    <property name="user.dir" value="/home/sleipnir/workspaces/eigr/spawn/sdks/jvm/spawn-jvm"/>
    <property name="java.vm.compressedOopsMode" value="Zero based"/>
    <property name="java.runtime.version" value="11.0.15+10-Ubuntu-0ubuntu0.21.10.1"/>
    <property name="java.awt.graphicsenv" value="sun.awt.X11GraphicsEnvironment"/>
    <property name="basedir" value="/home/sleipnir/workspaces/eigr/spawn/sdks/jvm/spawn-jvm"/>
    <property name="os.arch" value="amd64"/>
    <property name="surefire.real.class.path" value="/home/sleipnir/workspaces/eigr/spawn/sdks/jvm/spawn-jvm/target/surefire/surefirebooter1430320797081194619.jar"/>
    <property name="java.io.tmpdir" value="/tmp"/>
    <property name="line.separator" value="
"/>
    <property name="java.vm.specification.vendor" value="Oracle Corporation"/>
    <property name="os.name" value="Linux"/>
    <property name="sun.jnu.encoding" value="UTF-8"/>
    <property name="java.library.path" value="/usr/java/packages/lib:/usr/lib/x86_64-linux-gnu/jni:/lib/x86_64-linux-gnu:/usr/lib/x86_64-linux-gnu:/usr/lib/jni:/lib:/usr/lib"/>
    <property name="surefire.test.class.path" value="/home/sleipnir/workspaces/eigr/spawn/sdks/jvm/spawn-jvm/target/test-classes:/home/sleipnir/workspaces/eigr/spawn/sdks/jvm/spawn-jvm/target/classes:/home/sleipnir/.m2/repository/com/lightbend/akka/grpc/akka-grpc-runtime_2.12/2.1.1/akka-grpc-runtime_2.12-2.1.1.jar:/home/sleipnir/.m2/repository/org/scala-lang/scala-library/2.12.14/scala-library-2.12.14.jar:/home/sleipnir/.m2/repository/com/thesamet/scalapb/scalapb-runtime_2.12/0.11.6/scalapb-runtime_2.12-0.11.6.jar:/home/sleipnir/.m2/repository/com/thesamet/scalapb/lenses_2.12/0.11.6/lenses_2.12-0.11.6.jar:/home/sleipnir/.m2/repository/com/google/protobuf/protobuf-java/3.15.8/protobuf-java-3.15.8.jar:/home/sleipnir/.m2/repository/io/grpc/grpc-core/1.41.0/grpc-core-1.41.0.jar:/home/sleipnir/.m2/repository/io/grpc/grpc-api/1.41.0/grpc-api-1.41.0.jar:/home/sleipnir/.m2/repository/io/grpc/grpc-context/1.41.0/grpc-context-1.41.0.jar:/home/sleipnir/.m2/repository/com/google/code/findbugs/jsr305/3.0.2/jsr305-3.0.2.jar:/home/sleipnir/.m2/repository/com/google/code/gson/gson/2.8.6/gson-2.8.6.jar:/home/sleipnir/.m2/repository/com/google/android/annotations/4.1.1.4/annotations-4.1.1.4.jar:/home/sleipnir/.m2/repository/org/codehaus/mojo/animal-sniffer-annotations/1.19/animal-sniffer-annotations-1.19.jar:/home/sleipnir/.m2/repository/com/google/errorprone/error_prone_annotations/2.9.0/error_prone_annotations-2.9.0.jar:/home/sleipnir/.m2/repository/com/google/guava/guava/30.1-android/guava-30.1-android.jar:/home/sleipnir/.m2/repository/com/google/guava/failureaccess/1.0.1/failureaccess-1.0.1.jar:/home/sleipnir/.m2/repository/com/google/guava/listenablefuture/9999.0-empty-to-avoid-conflict-with-guava/listenablefuture-9999.0-empty-to-avoid-conflict-with-guava.jar:/home/sleipnir/.m2/repository/org/checkerframework/checker-compat-qual/2.5.5/checker-compat-qual-2.5.5.jar:/home/sleipnir/.m2/repository/com/google/j2objc/j2objc-annotations/1.3/j2objc-annotations-1.3.jar:/home/sleipnir/.m2/repository/io/perfmark/perfmark-api/0.23.0/perfmark-api-0.23.0.jar:/home/sleipnir/.m2/repository/io/grpc/grpc-netty-shaded/1.41.0/grpc-netty-shaded-1.41.0.jar:/home/sleipnir/.m2/repository/com/typesafe/akka/akka-http-core_2.12/10.2.7/akka-http-core_2.12-10.2.7.jar:/home/sleipnir/.m2/repository/com/typesafe/akka/akka-parsing_2.12/10.2.7/akka-parsing_2.12-10.2.7.jar:/home/sleipnir/.m2/repository/com/typesafe/akka/akka-http_2.12/10.2.7/akka-http_2.12-10.2.7.jar:/home/sleipnir/.m2/repository/org/scala-lang/modules/scala-collection-compat_2.12/2.5.0/scala-collection-compat_2.12-2.5.0.jar:/home/sleipnir/.m2/repository/com/lightbend/akka/akka-stream-alpakka-amqp_2.12/3.0.4/akka-stream-alpakka-amqp_2.12-3.0.4.jar:/home/sleipnir/.m2/repository/com/rabbitmq/amqp-client/5.3.0/amqp-client-5.3.0.jar:/home/sleipnir/.m2/repository/com/typesafe/akka/akka-stream_2.12/2.6.14/akka-stream_2.12-2.6.14.jar:/home/sleipnir/.m2/repository/com/typesafe/akka/akka-actor_2.12/2.6.14/akka-actor_2.12-2.6.14.jar:/home/sleipnir/.m2/repository/com/typesafe/config/1.4.0/config-1.4.0.jar:/home/sleipnir/.m2/repository/org/scala-lang/modules/scala-java8-compat_2.12/0.8.0/scala-java8-compat_2.12-0.8.0.jar:/home/sleipnir/.m2/repository/com/typesafe/akka/akka-protobuf-v3_2.12/2.6.14/akka-protobuf-v3_2.12-2.6.14.jar:/home/sleipnir/.m2/repository/org/reactivestreams/reactive-streams/1.0.3/reactive-streams-1.0.3.jar:/home/sleipnir/.m2/repository/com/typesafe/ssl-config-core_2.12/0.4.2/ssl-config-core_2.12-0.4.2.jar:/home/sleipnir/.m2/repository/org/scala-lang/modules/scala-parser-combinators_2.12/1.1.2/scala-parser-combinators_2.12-1.1.2.jar:/home/sleipnir/.m2/repository/com/typesafe/akka/akka-discovery_2.12/2.6.14/akka-discovery_2.12-2.6.14.jar:/home/sleipnir/.m2/repository/ch/qos/logback/logback-classic/1.2.3/logback-classic-1.2.3.jar:/home/sleipnir/.m2/repository/ch/qos/logback/logback-core/1.2.3/logback-core-1.2.3.jar:/home/sleipnir/.m2/repository/org/slf4j/slf4j-api/1.7.25/slf4j-api-1.7.25.jar:/home/sleipnir/.m2/repository/com/typesafe/akka/akka-actor-testkit-typed_2.12/2.6.14/akka-actor-testkit-typed_2.12-2.6.14.jar:/home/sleipnir/.m2/repository/com/typesafe/akka/akka-actor-typed_2.12/2.6.14/akka-actor-typed_2.12-2.6.14.jar:/home/sleipnir/.m2/repository/com/typesafe/akka/akka-slf4j_2.12/2.6.14/akka-slf4j_2.12-2.6.14.jar:/home/sleipnir/.m2/repository/com/typesafe/akka/akka-testkit_2.12/2.6.14/akka-testkit_2.12-2.6.14.jar:/home/sleipnir/.m2/repository/com/typesafe/akka/akka-stream-testkit_2.12/2.6.14/akka-stream-testkit_2.12-2.6.14.jar:/home/sleipnir/.m2/repository/io/projectreactor/reactor-core/3.2.11.RELEASE/reactor-core-3.2.11.RELEASE.jar:/home/sleipnir/.m2/repository/junit/junit/4.13.1/junit-4.13.1.jar:/home/sleipnir/.m2/repository/org/hamcrest/hamcrest-core/1.3/hamcrest-core-1.3.jar:"/>
    <property name="jdk.debug" value="release"/>
    <property name="java.class.version" value="55.0"/>
    <property name="java.specification.name" value="Java Platform API Specification"/>
    <property name="sun.management.compiler" value="HotSpot 64-Bit Tiered Compilers"/>
    <property name="os.version" value="5.17.5-76051705-generic"/>
    <property name="user.home" value="/home/sleipnir"/>
    <property name="user.timezone" value="America/Sao_Paulo"/>
    <property name="java.awt.printerjob" value="sun.print.PSPrinterJob"/>
    <property name="file.encoding" value="UTF-8"/>
    <property name="java.specification.version" value="11"/>
    <property name="user.name" value="sleipnir"/>
    <property name="java.class.path" value="/home/sleipnir/workspaces/eigr/spawn/sdks/jvm/spawn-jvm/target/test-classes:/home/sleipnir/workspaces/eigr/spawn/sdks/jvm/spawn-jvm/target/classes:/home/sleipnir/.m2/repository/com/lightbend/akka/grpc/akka-grpc-runtime_2.12/2.1.1/akka-grpc-runtime_2.12-2.1.1.jar:/home/sleipnir/.m2/repository/org/scala-lang/scala-library/2.12.14/scala-library-2.12.14.jar:/home/sleipnir/.m2/repository/com/thesamet/scalapb/scalapb-runtime_2.12/0.11.6/scalapb-runtime_2.12-0.11.6.jar:/home/sleipnir/.m2/repository/com/thesamet/scalapb/lenses_2.12/0.11.6/lenses_2.12-0.11.6.jar:/home/sleipnir/.m2/repository/com/google/protobuf/protobuf-java/3.15.8/protobuf-java-3.15.8.jar:/home/sleipnir/.m2/repository/io/grpc/grpc-core/1.41.0/grpc-core-1.41.0.jar:/home/sleipnir/.m2/repository/io/grpc/grpc-api/1.41.0/grpc-api-1.41.0.jar:/home/sleipnir/.m2/repository/io/grpc/grpc-context/1.41.0/grpc-context-1.41.0.jar:/home/sleipnir/.m2/repository/com/google/code/findbugs/jsr305/3.0.2/jsr305-3.0.2.jar:/home/sleipnir/.m2/repository/com/google/code/gson/gson/2.8.6/gson-2.8.6.jar:/home/sleipnir/.m2/repository/com/google/android/annotations/4.1.1.4/annotations-4.1.1.4.jar:/home/sleipnir/.m2/repository/org/codehaus/mojo/animal-sniffer-annotations/1.19/animal-sniffer-annotations-1.19.jar:/home/sleipnir/.m2/repository/com/google/errorprone/error_prone_annotations/2.9.0/error_prone_annotations-2.9.0.jar:/home/sleipnir/.m2/repository/com/google/guava/guava/30.1-android/guava-30.1-android.jar:/home/sleipnir/.m2/repository/com/google/guava/failureaccess/1.0.1/failureaccess-1.0.1.jar:/home/sleipnir/.m2/repository/com/google/guava/listenablefuture/9999.0-empty-to-avoid-conflict-with-guava/listenablefuture-9999.0-empty-to-avoid-conflict-with-guava.jar:/home/sleipnir/.m2/repository/org/checkerframework/checker-compat-qual/2.5.5/checker-compat-qual-2.5.5.jar:/home/sleipnir/.m2/repository/com/google/j2objc/j2objc-annotations/1.3/j2objc-annotations-1.3.jar:/home/sleipnir/.m2/repository/io/perfmark/perfmark-api/0.23.0/perfmark-api-0.23.0.jar:/home/sleipnir/.m2/repository/io/grpc/grpc-netty-shaded/1.41.0/grpc-netty-shaded-1.41.0.jar:/home/sleipnir/.m2/repository/com/typesafe/akka/akka-http-core_2.12/10.2.7/akka-http-core_2.12-10.2.7.jar:/home/sleipnir/.m2/repository/com/typesafe/akka/akka-parsing_2.12/10.2.7/akka-parsing_2.12-10.2.7.jar:/home/sleipnir/.m2/repository/com/typesafe/akka/akka-http_2.12/10.2.7/akka-http_2.12-10.2.7.jar:/home/sleipnir/.m2/repository/org/scala-lang/modules/scala-collection-compat_2.12/2.5.0/scala-collection-compat_2.12-2.5.0.jar:/home/sleipnir/.m2/repository/com/lightbend/akka/akka-stream-alpakka-amqp_2.12/3.0.4/akka-stream-alpakka-amqp_2.12-3.0.4.jar:/home/sleipnir/.m2/repository/com/rabbitmq/amqp-client/5.3.0/amqp-client-5.3.0.jar:/home/sleipnir/.m2/repository/com/typesafe/akka/akka-stream_2.12/2.6.14/akka-stream_2.12-2.6.14.jar:/home/sleipnir/.m2/repository/com/typesafe/akka/akka-actor_2.12/2.6.14/akka-actor_2.12-2.6.14.jar:/home/sleipnir/.m2/repository/com/typesafe/config/1.4.0/config-1.4.0.jar:/home/sleipnir/.m2/repository/org/scala-lang/modules/scala-java8-compat_2.12/0.8.0/scala-java8-compat_2.12-0.8.0.jar:/home/sleipnir/.m2/repository/com/typesafe/akka/akka-protobuf-v3_2.12/2.6.14/akka-protobuf-v3_2.12-2.6.14.jar:/home/sleipnir/.m2/repository/org/reactivestreams/reactive-streams/1.0.3/reactive-streams-1.0.3.jar:/home/sleipnir/.m2/repository/com/typesafe/ssl-config-core_2.12/0.4.2/ssl-config-core_2.12-0.4.2.jar:/home/sleipnir/.m2/repository/org/scala-lang/modules/scala-parser-combinators_2.12/1.1.2/scala-parser-combinators_2.12-1.1.2.jar:/home/sleipnir/.m2/repository/com/typesafe/akka/akka-discovery_2.12/2.6.14/akka-discovery_2.12-2.6.14.jar:/home/sleipnir/.m2/repository/ch/qos/logback/logback-classic/1.2.3/logback-classic-1.2.3.jar:/home/sleipnir/.m2/repository/ch/qos/logback/logback-core/1.2.3/logback-core-1.2.3.jar:/home/sleipnir/.m2/repository/org/slf4j/slf4j-api/1.7.25/slf4j-api-1.7.25.jar:/home/sleipnir/.m2/repository/com/typesafe/akka/akka-actor-testkit-typed_2.12/2.6.14/akka-actor-testkit-typed_2.12-2.6.14.jar:/home/sleipnir/.m2/repository/com/typesafe/akka/akka-actor-typed_2.12/2.6.14/akka-actor-typed_2.12-2.6.14.jar:/home/sleipnir/.m2/repository/com/typesafe/akka/akka-slf4j_2.12/2.6.14/akka-slf4j_2.12-2.6.14.jar:/home/sleipnir/.m2/repository/com/typesafe/akka/akka-testkit_2.12/2.6.14/akka-testkit_2.12-2.6.14.jar:/home/sleipnir/.m2/repository/com/typesafe/akka/akka-stream-testkit_2.12/2.6.14/akka-stream-testkit_2.12-2.6.14.jar:/home/sleipnir/.m2/repository/io/projectreactor/reactor-core/3.2.11.RELEASE/reactor-core-3.2.11.RELEASE.jar:/home/sleipnir/.m2/repository/junit/junit/4.13.1/junit-4.13.1.jar:/home/sleipnir/.m2/repository/org/hamcrest/hamcrest-core/1.3/hamcrest-core-1.3.jar:"/>
    <property name="java.vm.specification.version" value="11"/>
    <property name="sun.arch.data.model" value="64"/>
    <property name="sun.java.command" value="/home/sleipnir/workspaces/eigr/spawn/sdks/jvm/spawn-jvm/target/surefire/surefirebooter1430320797081194619.jar /home/sleipnir/workspaces/eigr/spawn/sdks/jvm/spawn-jvm/target/surefire/surefire2432873648982492189tmp /home/sleipnir/workspaces/eigr/spawn/sdks/jvm/spawn-jvm/target/surefire/surefire16492901739511274925tmp"/>
    <property name="java.home" value="/usr/lib/jvm/java-11-openjdk-amd64"/>
    <property name="user.language" value="en"/>
    <property name="java.specification.vendor" value="Oracle Corporation"/>
    <property name="awt.toolkit" value="sun.awt.X11.XToolkit"/>
    <property name="java.vm.info" value="mixed mode, sharing"/>
    <property name="java.version" value="11.0.15"/>
    <property name="java.vendor" value="Private Build"/>
    <property name="localRepository" value="/home/sleipnir/.m2/repository"/>
    <property name="file.separator" value="/"/>
    <property name="java.version.date" value="2022-04-19"/>
    <property name="java.vendor.url.bug" value="Unknown"/>
    <property name="sun.io.unicode.encoding" value="UnicodeLittle"/>
    <property name="sun.cpu.endian" value="little"/>
    <property name="sun.desktop" value="gnome"/>
    <property name="sun.cpu.isalist" value=""/>
  </properties>
  <testcase classname="io.eigr.spawn.AppTest" name="shouldAnswerWithTrue" time="11.774"/>
</testsuite>