<?xml version="1.0" encoding="UTF-8" ?>
<testsuite tests="1" failures="0" name="io.eigr.spawn.AppTest" time="23.753" errors="0" skipped="0">
  <properties>
    <property name="java.runtime.name" value="OpenJDK Runtime Environment"/>
    <property name="java.vm.version" value="11.0.15+10-Ubuntu-0ubuntu0.21.10.1"/>
    <property name="sun.boot.library.path" value="/usr/lib/jvm/java-11-openjdk-amd64/lib"/>
    <property name="java.vm.vendor" value="Private Build"/>
    <property name="java.vendor.url" value="Unknown"/>
    <property name="path.separator" value=":"/>
    <property name="java.vm.name" value="OpenJDK 64-Bit Server VM"/>
    <property name="sun.os.patch.level" value="unknown"/>
    <property name="user.country" value="US"/>
    <property name="sun.java.launcher" value="SUN_STANDARD"/>
    <property name="PID" value="1999166"/>
    <property name="java.vm.specification.name" value="Java Virtual Machine Specification"/>
    <property name="user.dir" value="/home/sleipnir/workspaces/eigr/spawn/sdks/jvm/spawn-jvm"/>
    <property name="java.vm.compressedOopsMode" value="Zero based"/>
    <property name="java.runtime.version" value="11.0.15+10-Ubuntu-0ubuntu0.21.10.1"/>
    <property name="java.awt.graphicsenv" value="sun.awt.X11GraphicsEnvironment"/>
    <property name="basedir" value="/home/sleipnir/workspaces/eigr/spawn/sdks/jvm/spawn-jvm"/>
    <property name="os.arch" value="amd64"/>
    <property name="CONSOLE_LOG_CHARSET" value="UTF-8"/>
    <property name="surefire.real.class.path" value="/home/sleipnir/workspaces/eigr/spawn/sdks/jvm/spawn-jvm/target/surefire/surefirebooter9222279518251077546.jar"/>
    <property name="java.io.tmpdir" value="/tmp"/>
    <property name="line.separator" value="
"/>
    <property name="java.vm.specification.vendor" value="Oracle Corporation"/>
    <property name="os.name" value="Linux"/>
    <property name="FILE_LOG_CHARSET" value="UTF-8"/>
    <property name="sun.jnu.encoding" value="UTF-8"/>
    <property name="java.library.path" value="/usr/java/packages/lib:/usr/lib/x86_64-linux-gnu/jni:/lib/x86_64-linux-gnu:/usr/lib/x86_64-linux-gnu:/usr/lib/jni:/lib:/usr/lib"/>
    <property name="spring.beaninfo.ignore" value="true"/>
    <property name="surefire.test.class.path" value="/home/sleipnir/workspaces/eigr/spawn/sdks/jvm/spawn-jvm/target/test-classes:/home/sleipnir/workspaces/eigr/spawn/sdks/jvm/spawn-jvm/target/classes:/home/sleipnir/.m2/repository/org/projectlombok/lombok/1.18.24/lombok-1.18.24.jar:/home/sleipnir/.m2/repository/org/springframework/boot/spring-boot-starter-webflux/2.7.0/spring-boot-starter-webflux-2.7.0.jar:/home/sleipnir/.m2/repository/org/springframework/boot/spring-boot-starter/2.7.0/spring-boot-starter-2.7.0.jar:/home/sleipnir/.m2/repository/org/springframework/boot/spring-boot/2.7.0/spring-boot-2.7.0.jar:/home/sleipnir/.m2/repository/org/springframework/spring-context/5.3.20/spring-context-5.3.20.jar:/home/sleipnir/.m2/repository/org/springframework/spring-aop/5.3.20/spring-aop-5.3.20.jar:/home/sleipnir/.m2/repository/org/springframework/spring-expression/5.3.20/spring-expression-5.3.20.jar:/home/sleipnir/.m2/repository/org/springframework/boot/spring-boot-autoconfigure/2.7.0/spring-boot-autoconfigure-2.7.0.jar:/home/sleipnir/.m2/repository/org/springframework/boot/spring-boot-starter-logging/2.7.0/spring-boot-starter-logging-2.7.0.jar:/home/sleipnir/.m2/repository/org/apache/logging/log4j/log4j-to-slf4j/2.17.2/log4j-to-slf4j-2.17.2.jar:/home/sleipnir/.m2/repository/org/apache/logging/log4j/log4j-api/2.17.2/log4j-api-2.17.2.jar:/home/sleipnir/.m2/repository/org/slf4j/jul-to-slf4j/1.7.36/jul-to-slf4j-1.7.36.jar:/home/sleipnir/.m2/repository/jakarta/annotation/jakarta.annotation-api/1.3.5/jakarta.annotation-api-1.3.5.jar:/home/sleipnir/.m2/repository/org/yaml/snakeyaml/1.30/snakeyaml-1.30.jar:/home/sleipnir/.m2/repository/org/springframework/boot/spring-boot-starter-json/2.7.0/spring-boot-starter-json-2.7.0.jar:/home/sleipnir/.m2/repository/com/fasterxml/jackson/core/jackson-databind/2.13.3/jackson-databind-2.13.3.jar:/home/sleipnir/.m2/repository/com/fasterxml/jackson/core/jackson-annotations/2.13.3/jackson-annotations-2.13.3.jar:/home/sleipnir/.m2/repository/com/fasterxml/jackson/core/jackson-core/2.13.3/jackson-core-2.13.3.jar:/home/sleipnir/.m2/repository/com/fasterxml/jackson/datatype/jackson-datatype-jdk8/2.13.3/jackson-datatype-jdk8-2.13.3.jar:/home/sleipnir/.m2/repository/com/fasterxml/jackson/datatype/jackson-datatype-jsr310/2.13.3/jackson-datatype-jsr310-2.13.3.jar:/home/sleipnir/.m2/repository/com/fasterxml/jackson/module/jackson-module-parameter-names/2.13.3/jackson-module-parameter-names-2.13.3.jar:/home/sleipnir/.m2/repository/org/springframework/spring-web/5.3.20/spring-web-5.3.20.jar:/home/sleipnir/.m2/repository/org/springframework/spring-beans/5.3.20/spring-beans-5.3.20.jar:/home/sleipnir/.m2/repository/org/springframework/spring-webflux/5.3.20/spring-webflux-5.3.20.jar:/home/sleipnir/.m2/repository/org/springframework/boot/spring-boot-starter-reactor-netty/2.7.0/spring-boot-starter-reactor-netty-2.7.0.jar:/home/sleipnir/.m2/repository/io/projectreactor/netty/reactor-netty-http/1.0.19/reactor-netty-http-1.0.19.jar:/home/sleipnir/.m2/repository/io/netty/netty-codec-http/4.1.77.Final/netty-codec-http-4.1.77.Final.jar:/home/sleipnir/.m2/repository/io/netty/netty-common/4.1.77.Final/netty-common-4.1.77.Final.jar:/home/sleipnir/.m2/repository/io/netty/netty-buffer/4.1.77.Final/netty-buffer-4.1.77.Final.jar:/home/sleipnir/.m2/repository/io/netty/netty-transport/4.1.77.Final/netty-transport-4.1.77.Final.jar:/home/sleipnir/.m2/repository/io/netty/netty-codec/4.1.77.Final/netty-codec-4.1.77.Final.jar:/home/sleipnir/.m2/repository/io/netty/netty-handler/4.1.77.Final/netty-handler-4.1.77.Final.jar:/home/sleipnir/.m2/repository/io/netty/netty-codec-http2/4.1.77.Final/netty-codec-http2-4.1.77.Final.jar:/home/sleipnir/.m2/repository/io/netty/netty-resolver-dns/4.1.77.Final/netty-resolver-dns-4.1.77.Final.jar:/home/sleipnir/.m2/repository/io/netty/netty-resolver/4.1.77.Final/netty-resolver-4.1.77.Final.jar:/home/sleipnir/.m2/repository/io/netty/netty-codec-dns/4.1.77.Final/netty-codec-dns-4.1.77.Final.jar:/home/sleipnir/.m2/repository/io/netty/netty-resolver-dns-native-macos/4.1.77.Final/netty-resolver-dns-native-macos-4.1.77.Final-osx-x86_64.jar:/home/sleipnir/.m2/repository/io/netty/netty-resolver-dns-classes-macos/4.1.77.Final/netty-resolver-dns-classes-macos-4.1.77.Final.jar:/home/sleipnir/.m2/repository/io/netty/netty-transport-native-epoll/4.1.77.Final/netty-transport-native-epoll-4.1.77.Final-linux-x86_64.jar:/home/sleipnir/.m2/repository/io/netty/netty-transport-native-unix-common/4.1.77.Final/netty-transport-native-unix-common-4.1.77.Final.jar:/home/sleipnir/.m2/repository/io/netty/netty-transport-classes-epoll/4.1.77.Final/netty-transport-classes-epoll-4.1.77.Final.jar:/home/sleipnir/.m2/repository/io/projectreactor/netty/reactor-netty-core/1.0.19/reactor-netty-core-1.0.19.jar:/home/sleipnir/.m2/repository/io/netty/netty-handler-proxy/4.1.77.Final/netty-handler-proxy-4.1.77.Final.jar:/home/sleipnir/.m2/repository/io/netty/netty-codec-socks/4.1.77.Final/netty-codec-socks-4.1.77.Final.jar:/home/sleipnir/.m2/repository/com/squareup/okhttp3/okhttp/4.9.3/okhttp-4.9.3.jar:/home/sleipnir/.m2/repository/com/squareup/okio/okio/2.8.0/okio-2.8.0.jar:/home/sleipnir/.m2/repository/org/jetbrains/kotlin/kotlin-stdlib-common/1.6.21/kotlin-stdlib-common-1.6.21.jar:/home/sleipnir/.m2/repository/org/jetbrains/kotlin/kotlin-stdlib/1.6.21/kotlin-stdlib-1.6.21.jar:/home/sleipnir/.m2/repository/org/jetbrains/annotations/13.0/annotations-13.0.jar:/home/sleipnir/.m2/repository/com/lightbend/akka/grpc/akka-grpc-runtime_2.12/2.1.1/akka-grpc-runtime_2.12-2.1.1.jar:/home/sleipnir/.m2/repository/org/scala-lang/scala-library/2.12.14/scala-library-2.12.14.jar:/home/sleipnir/.m2/repository/com/thesamet/scalapb/scalapb-runtime_2.12/0.11.6/scalapb-runtime_2.12-0.11.6.jar:/home/sleipnir/.m2/repository/com/thesamet/scalapb/lenses_2.12/0.11.6/lenses_2.12-0.11.6.jar:/home/sleipnir/.m2/repository/com/google/protobuf/protobuf-java/3.15.8/protobuf-java-3.15.8.jar:/home/sleipnir/.m2/repository/io/grpc/grpc-core/1.41.0/grpc-core-1.41.0.jar:/home/sleipnir/.m2/repository/io/grpc/grpc-api/1.41.0/grpc-api-1.41.0.jar:/home/sleipnir/.m2/repository/io/grpc/grpc-context/1.41.0/grpc-context-1.41.0.jar:/home/sleipnir/.m2/repository/com/google/code/findbugs/jsr305/3.0.2/jsr305-3.0.2.jar:/home/sleipnir/.m2/repository/com/google/code/gson/gson/2.9.0/gson-2.9.0.jar:/home/sleipnir/.m2/repository/com/google/android/annotations/4.1.1.4/annotations-4.1.1.4.jar:/home/sleipnir/.m2/repository/org/codehaus/mojo/animal-sniffer-annotations/1.19/animal-sniffer-annotations-1.19.jar:/home/sleipnir/.m2/repository/com/google/errorprone/error_prone_annotations/2.9.0/error_prone_annotations-2.9.0.jar:/home/sleipnir/.m2/repository/com/google/guava/guava/30.1-android/guava-30.1-android.jar:/home/sleipnir/.m2/repository/com/google/guava/failureaccess/1.0.1/failureaccess-1.0.1.jar:/home/sleipnir/.m2/repository/com/google/guava/listenablefuture/9999.0-empty-to-avoid-conflict-with-guava/listenablefuture-9999.0-empty-to-avoid-conflict-with-guava.jar:/home/sleipnir/.m2/repository/org/checkerframework/checker-compat-qual/2.5.5/checker-compat-qual-2.5.5.jar:/home/sleipnir/.m2/repository/com/google/j2objc/j2objc-annotations/1.3/j2objc-annotations-1.3.jar:/home/sleipnir/.m2/repository/io/perfmark/perfmark-api/0.23.0/perfmark-api-0.23.0.jar:/home/sleipnir/.m2/repository/io/grpc/grpc-netty-shaded/1.41.0/grpc-netty-shaded-1.41.0.jar:/home/sleipnir/.m2/repository/com/typesafe/akka/akka-http-core_2.12/10.2.7/akka-http-core_2.12-10.2.7.jar:/home/sleipnir/.m2/repository/com/typesafe/akka/akka-parsing_2.12/10.2.7/akka-parsing_2.12-10.2.7.jar:/home/sleipnir/.m2/repository/com/typesafe/akka/akka-http_2.12/10.2.7/akka-http_2.12-10.2.7.jar:/home/sleipnir/.m2/repository/org/scala-lang/modules/scala-collection-compat_2.12/2.5.0/scala-collection-compat_2.12-2.5.0.jar:/home/sleipnir/.m2/repository/com/lightbend/akka/akka-stream-alpakka-amqp_2.12/3.0.4/akka-stream-alpakka-amqp_2.12-3.0.4.jar:/home/sleipnir/.m2/repository/com/rabbitmq/amqp-client/5.14.2/amqp-client-5.14.2.jar:/home/sleipnir/.m2/repository/com/typesafe/akka/akka-stream_2.12/2.6.14/akka-stream_2.12-2.6.14.jar:/home/sleipnir/.m2/repository/com/typesafe/akka/akka-actor_2.12/2.6.14/akka-actor_2.12-2.6.14.jar:/home/sleipnir/.m2/repository/com/typesafe/config/1.4.0/config-1.4.0.jar:/home/sleipnir/.m2/repository/org/scala-lang/modules/scala-java8-compat_2.12/0.8.0/scala-java8-compat_2.12-0.8.0.jar:/home/sleipnir/.m2/repository/com/typesafe/akka/akka-protobuf-v3_2.12/2.6.14/akka-protobuf-v3_2.12-2.6.14.jar:/home/sleipnir/.m2/repository/org/reactivestreams/reactive-streams/1.0.3/reactive-streams-1.0.3.jar:/home/sleipnir/.m2/repository/com/typesafe/ssl-config-core_2.12/0.4.2/ssl-config-core_2.12-0.4.2.jar:/home/sleipnir/.m2/repository/org/scala-lang/modules/scala-parser-combinators_2.12/1.1.2/scala-parser-combinators_2.12-1.1.2.jar:/home/sleipnir/.m2/repository/com/typesafe/akka/akka-discovery_2.12/2.6.14/akka-discovery_2.12-2.6.14.jar:/home/sleipnir/.m2/repository/ch/qos/logback/logback-classic/1.2.3/logback-classic-1.2.3.jar:/home/sleipnir/.m2/repository/ch/qos/logback/logback-core/1.2.11/logback-core-1.2.11.jar:/home/sleipnir/.m2/repository/org/slf4j/slf4j-api/1.7.36/slf4j-api-1.7.36.jar:/home/sleipnir/.m2/repository/com/typesafe/akka/akka-actor-testkit-typed_2.12/2.6.14/akka-actor-testkit-typed_2.12-2.6.14.jar:/home/sleipnir/.m2/repository/com/typesafe/akka/akka-actor-typed_2.12/2.6.14/akka-actor-typed_2.12-2.6.14.jar:/home/sleipnir/.m2/repository/com/typesafe/akka/akka-slf4j_2.12/2.6.14/akka-slf4j_2.12-2.6.14.jar:/home/sleipnir/.m2/repository/com/typesafe/akka/akka-testkit_2.12/2.6.14/akka-testkit_2.12-2.6.14.jar:/home/sleipnir/.m2/repository/com/typesafe/akka/akka-stream-testkit_2.12/2.6.14/akka-stream-testkit_2.12-2.6.14.jar:/home/sleipnir/.m2/repository/io/projectreactor/reactor-core/3.4.18/reactor-core-3.4.18.jar:/home/sleipnir/.m2/repository/org/springframework/boot/spring-boot-starter-test/2.7.0/spring-boot-starter-test-2.7.0.jar:/home/sleipnir/.m2/repository/org/springframework/boot/spring-boot-test/2.7.0/spring-boot-test-2.7.0.jar:/home/sleipnir/.m2/repository/org/springframework/boot/spring-boot-test-autoconfigure/2.7.0/spring-boot-test-autoconfigure-2.7.0.jar:/home/sleipnir/.m2/repository/com/jayway/jsonpath/json-path/2.7.0/json-path-2.7.0.jar:/home/sleipnir/.m2/repository/net/minidev/json-smart/2.4.8/json-smart-2.4.8.jar:/home/sleipnir/.m2/repository/net/minidev/accessors-smart/2.4.8/accessors-smart-2.4.8.jar:/home/sleipnir/.m2/repository/org/ow2/asm/asm/9.1/asm-9.1.jar:/home/sleipnir/.m2/repository/jakarta/xml/bind/jakarta.xml.bind-api/2.3.3/jakarta.xml.bind-api-2.3.3.jar:/home/sleipnir/.m2/repository/jakarta/activation/jakarta.activation-api/1.2.2/jakarta.activation-api-1.2.2.jar:/home/sleipnir/.m2/repository/org/assertj/assertj-core/3.22.0/assertj-core-3.22.0.jar:/home/sleipnir/.m2/repository/org/hamcrest/hamcrest/2.2/hamcrest-2.2.jar:/home/sleipnir/.m2/repository/org/junit/jupiter/junit-jupiter/5.8.2/junit-jupiter-5.8.2.jar:/home/sleipnir/.m2/repository/org/junit/jupiter/junit-jupiter-api/5.8.2/junit-jupiter-api-5.8.2.jar:/home/sleipnir/.m2/repository/org/opentest4j/opentest4j/1.2.0/opentest4j-1.2.0.jar:/home/sleipnir/.m2/repository/org/junit/platform/junit-platform-commons/1.8.2/junit-platform-commons-1.8.2.jar:/home/sleipnir/.m2/repository/org/apiguardian/apiguardian-api/1.1.2/apiguardian-api-1.1.2.jar:/home/sleipnir/.m2/repository/org/junit/jupiter/junit-jupiter-params/5.8.2/junit-jupiter-params-5.8.2.jar:/home/sleipnir/.m2/repository/org/junit/jupiter/junit-jupiter-engine/5.8.2/junit-jupiter-engine-5.8.2.jar:/home/sleipnir/.m2/repository/org/junit/platform/junit-platform-engine/1.8.2/junit-platform-engine-1.8.2.jar:/home/sleipnir/.m2/repository/org/mockito/mockito-core/4.5.1/mockito-core-4.5.1.jar:/home/sleipnir/.m2/repository/net/bytebuddy/byte-buddy/1.12.10/byte-buddy-1.12.10.jar:/home/sleipnir/.m2/repository/net/bytebuddy/byte-buddy-agent/1.12.10/byte-buddy-agent-1.12.10.jar:/home/sleipnir/.m2/repository/org/objenesis/objenesis/3.2/objenesis-3.2.jar:/home/sleipnir/.m2/repository/org/mockito/mockito-junit-jupiter/4.5.1/mockito-junit-jupiter-4.5.1.jar:/home/sleipnir/.m2/repository/org/skyscreamer/jsonassert/1.5.0/jsonassert-1.5.0.jar:/home/sleipnir/.m2/repository/com/vaadin/external/google/android-json/0.0.20131108.vaadin1/android-json-0.0.20131108.vaadin1.jar:/home/sleipnir/.m2/repository/org/springframework/spring-core/5.3.20/spring-core-5.3.20.jar:/home/sleipnir/.m2/repository/org/springframework/spring-jcl/5.3.20/spring-jcl-5.3.20.jar:/home/sleipnir/.m2/repository/org/springframework/spring-test/5.3.20/spring-test-5.3.20.jar:/home/sleipnir/.m2/repository/org/xmlunit/xmlunit-core/2.9.0/xmlunit-core-2.9.0.jar:/home/sleipnir/.m2/repository/io/projectreactor/reactor-test/3.4.18/reactor-test-3.4.18.jar:/home/sleipnir/.m2/repository/junit/junit/4.13.1/junit-4.13.1.jar:/home/sleipnir/.m2/repository/org/hamcrest/hamcrest-core/2.2/hamcrest-core-2.2.jar:"/>
    <property name="jdk.debug" value="release"/>
    <property name="java.class.version" value="55.0"/>
    <property name="java.specification.name" value="Java Platform API Specification"/>
    <property name="sun.management.compiler" value="HotSpot 64-Bit Tiered Compilers"/>
    <property name="os.version" value="5.17.5-76051705-generic"/>
    <property name="user.home" value="/home/sleipnir"/>
    <property name="user.timezone" value="America/Sao_Paulo"/>
    <property name="java.awt.printerjob" value="sun.print.PSPrinterJob"/>
    <property name="file.encoding" value="UTF-8"/>
    <property name="java.specification.version" value="11"/>
    <property name="user.name" value="sleipnir"/>
    <property name="java.class.path" value="/home/sleipnir/workspaces/eigr/spawn/sdks/jvm/spawn-jvm/target/test-classes:/home/sleipnir/workspaces/eigr/spawn/sdks/jvm/spawn-jvm/target/classes:/home/sleipnir/.m2/repository/org/projectlombok/lombok/1.18.24/lombok-1.18.24.jar:/home/sleipnir/.m2/repository/org/springframework/boot/spring-boot-starter-webflux/2.7.0/spring-boot-starter-webflux-2.7.0.jar:/home/sleipnir/.m2/repository/org/springframework/boot/spring-boot-starter/2.7.0/spring-boot-starter-2.7.0.jar:/home/sleipnir/.m2/repository/org/springframework/boot/spring-boot/2.7.0/spring-boot-2.7.0.jar:/home/sleipnir/.m2/repository/org/springframework/spring-context/5.3.20/spring-context-5.3.20.jar:/home/sleipnir/.m2/repository/org/springframework/spring-aop/5.3.20/spring-aop-5.3.20.jar:/home/sleipnir/.m2/repository/org/springframework/spring-expression/5.3.20/spring-expression-5.3.20.jar:/home/sleipnir/.m2/repository/org/springframework/boot/spring-boot-autoconfigure/2.7.0/spring-boot-autoconfigure-2.7.0.jar:/home/sleipnir/.m2/repository/org/springframework/boot/spring-boot-starter-logging/2.7.0/spring-boot-starter-logging-2.7.0.jar:/home/sleipnir/.m2/repository/org/apache/logging/log4j/log4j-to-slf4j/2.17.2/log4j-to-slf4j-2.17.2.jar:/home/sleipnir/.m2/repository/org/apache/logging/log4j/log4j-api/2.17.2/log4j-api-2.17.2.jar:/home/sleipnir/.m2/repository/org/slf4j/jul-to-slf4j/1.7.36/jul-to-slf4j-1.7.36.jar:/home/sleipnir/.m2/repository/jakarta/annotation/jakarta.annotation-api/1.3.5/jakarta.annotation-api-1.3.5.jar:/home/sleipnir/.m2/repository/org/yaml/snakeyaml/1.30/snakeyaml-1.30.jar:/home/sleipnir/.m2/repository/org/springframework/boot/spring-boot-starter-json/2.7.0/spring-boot-starter-json-2.7.0.jar:/home/sleipnir/.m2/repository/com/fasterxml/jackson/core/jackson-databind/2.13.3/jackson-databind-2.13.3.jar:/home/sleipnir/.m2/repository/com/fasterxml/jackson/core/jackson-annotations/2.13.3/jackson-annotations-2.13.3.jar:/home/sleipnir/.m2/repository/com/fasterxml/jackson/core/jackson-core/2.13.3/jackson-core-2.13.3.jar:/home/sleipnir/.m2/repository/com/fasterxml/jackson/datatype/jackson-datatype-jdk8/2.13.3/jackson-datatype-jdk8-2.13.3.jar:/home/sleipnir/.m2/repository/com/fasterxml/jackson/datatype/jackson-datatype-jsr310/2.13.3/jackson-datatype-jsr310-2.13.3.jar:/home/sleipnir/.m2/repository/com/fasterxml/jackson/module/jackson-module-parameter-names/2.13.3/jackson-module-parameter-names-2.13.3.jar:/home/sleipnir/.m2/repository/org/springframework/spring-web/5.3.20/spring-web-5.3.20.jar:/home/sleipnir/.m2/repository/org/springframework/spring-beans/5.3.20/spring-beans-5.3.20.jar:/home/sleipnir/.m2/repository/org/springframework/spring-webflux/5.3.20/spring-webflux-5.3.20.jar:/home/sleipnir/.m2/repository/org/springframework/boot/spring-boot-starter-reactor-netty/2.7.0/spring-boot-starter-reactor-netty-2.7.0.jar:/home/sleipnir/.m2/repository/io/projectreactor/netty/reactor-netty-http/1.0.19/reactor-netty-http-1.0.19.jar:/home/sleipnir/.m2/repository/io/netty/netty-codec-http/4.1.77.Final/netty-codec-http-4.1.77.Final.jar:/home/sleipnir/.m2/repository/io/netty/netty-common/4.1.77.Final/netty-common-4.1.77.Final.jar:/home/sleipnir/.m2/repository/io/netty/netty-buffer/4.1.77.Final/netty-buffer-4.1.77.Final.jar:/home/sleipnir/.m2/repository/io/netty/netty-transport/4.1.77.Final/netty-transport-4.1.77.Final.jar:/home/sleipnir/.m2/repository/io/netty/netty-codec/4.1.77.Final/netty-codec-4.1.77.Final.jar:/home/sleipnir/.m2/repository/io/netty/netty-handler/4.1.77.Final/netty-handler-4.1.77.Final.jar:/home/sleipnir/.m2/repository/io/netty/netty-codec-http2/4.1.77.Final/netty-codec-http2-4.1.77.Final.jar:/home/sleipnir/.m2/repository/io/netty/netty-resolver-dns/4.1.77.Final/netty-resolver-dns-4.1.77.Final.jar:/home/sleipnir/.m2/repository/io/netty/netty-resolver/4.1.77.Final/netty-resolver-4.1.77.Final.jar:/home/sleipnir/.m2/repository/io/netty/netty-codec-dns/4.1.77.Final/netty-codec-dns-4.1.77.Final.jar:/home/sleipnir/.m2/repository/io/netty/netty-resolver-dns-native-macos/4.1.77.Final/netty-resolver-dns-native-macos-4.1.77.Final-osx-x86_64.jar:/home/sleipnir/.m2/repository/io/netty/netty-resolver-dns-classes-macos/4.1.77.Final/netty-resolver-dns-classes-macos-4.1.77.Final.jar:/home/sleipnir/.m2/repository/io/netty/netty-transport-native-epoll/4.1.77.Final/netty-transport-native-epoll-4.1.77.Final-linux-x86_64.jar:/home/sleipnir/.m2/repository/io/netty/netty-transport-native-unix-common/4.1.77.Final/netty-transport-native-unix-common-4.1.77.Final.jar:/home/sleipnir/.m2/repository/io/netty/netty-transport-classes-epoll/4.1.77.Final/netty-transport-classes-epoll-4.1.77.Final.jar:/home/sleipnir/.m2/repository/io/projectreactor/netty/reactor-netty-core/1.0.19/reactor-netty-core-1.0.19.jar:/home/sleipnir/.m2/repository/io/netty/netty-handler-proxy/4.1.77.Final/netty-handler-proxy-4.1.77.Final.jar:/home/sleipnir/.m2/repository/io/netty/netty-codec-socks/4.1.77.Final/netty-codec-socks-4.1.77.Final.jar:/home/sleipnir/.m2/repository/com/squareup/okhttp3/okhttp/4.9.3/okhttp-4.9.3.jar:/home/sleipnir/.m2/repository/com/squareup/okio/okio/2.8.0/okio-2.8.0.jar:/home/sleipnir/.m2/repository/org/jetbrains/kotlin/kotlin-stdlib-common/1.6.21/kotlin-stdlib-common-1.6.21.jar:/home/sleipnir/.m2/repository/org/jetbrains/kotlin/kotlin-stdlib/1.6.21/kotlin-stdlib-1.6.21.jar:/home/sleipnir/.m2/repository/org/jetbrains/annotations/13.0/annotations-13.0.jar:/home/sleipnir/.m2/repository/com/lightbend/akka/grpc/akka-grpc-runtime_2.12/2.1.1/akka-grpc-runtime_2.12-2.1.1.jar:/home/sleipnir/.m2/repository/org/scala-lang/scala-library/2.12.14/scala-library-2.12.14.jar:/home/sleipnir/.m2/repository/com/thesamet/scalapb/scalapb-runtime_2.12/0.11.6/scalapb-runtime_2.12-0.11.6.jar:/home/sleipnir/.m2/repository/com/thesamet/scalapb/lenses_2.12/0.11.6/lenses_2.12-0.11.6.jar:/home/sleipnir/.m2/repository/com/google/protobuf/protobuf-java/3.15.8/protobuf-java-3.15.8.jar:/home/sleipnir/.m2/repository/io/grpc/grpc-core/1.41.0/grpc-core-1.41.0.jar:/home/sleipnir/.m2/repository/io/grpc/grpc-api/1.41.0/grpc-api-1.41.0.jar:/home/sleipnir/.m2/repository/io/grpc/grpc-context/1.41.0/grpc-context-1.41.0.jar:/home/sleipnir/.m2/repository/com/google/code/findbugs/jsr305/3.0.2/jsr305-3.0.2.jar:/home/sleipnir/.m2/repository/com/google/code/gson/gson/2.9.0/gson-2.9.0.jar:/home/sleipnir/.m2/repository/com/google/android/annotations/4.1.1.4/annotations-4.1.1.4.jar:/home/sleipnir/.m2/repository/org/codehaus/mojo/animal-sniffer-annotations/1.19/animal-sniffer-annotations-1.19.jar:/home/sleipnir/.m2/repository/com/google/errorprone/error_prone_annotations/2.9.0/error_prone_annotations-2.9.0.jar:/home/sleipnir/.m2/repository/com/google/guava/guava/30.1-android/guava-30.1-android.jar:/home/sleipnir/.m2/repository/com/google/guava/failureaccess/1.0.1/failureaccess-1.0.1.jar:/home/sleipnir/.m2/repository/com/google/guava/listenablefuture/9999.0-empty-to-avoid-conflict-with-guava/listenablefuture-9999.0-empty-to-avoid-conflict-with-guava.jar:/home/sleipnir/.m2/repository/org/checkerframework/checker-compat-qual/2.5.5/checker-compat-qual-2.5.5.jar:/home/sleipnir/.m2/repository/com/google/j2objc/j2objc-annotations/1.3/j2objc-annotations-1.3.jar:/home/sleipnir/.m2/repository/io/perfmark/perfmark-api/0.23.0/perfmark-api-0.23.0.jar:/home/sleipnir/.m2/repository/io/grpc/grpc-netty-shaded/1.41.0/grpc-netty-shaded-1.41.0.jar:/home/sleipnir/.m2/repository/com/typesafe/akka/akka-http-core_2.12/10.2.7/akka-http-core_2.12-10.2.7.jar:/home/sleipnir/.m2/repository/com/typesafe/akka/akka-parsing_2.12/10.2.7/akka-parsing_2.12-10.2.7.jar:/home/sleipnir/.m2/repository/com/typesafe/akka/akka-http_2.12/10.2.7/akka-http_2.12-10.2.7.jar:/home/sleipnir/.m2/repository/org/scala-lang/modules/scala-collection-compat_2.12/2.5.0/scala-collection-compat_2.12-2.5.0.jar:/home/sleipnir/.m2/repository/com/lightbend/akka/akka-stream-alpakka-amqp_2.12/3.0.4/akka-stream-alpakka-amqp_2.12-3.0.4.jar:/home/sleipnir/.m2/repository/com/rabbitmq/amqp-client/5.14.2/amqp-client-5.14.2.jar:/home/sleipnir/.m2/repository/com/typesafe/akka/akka-stream_2.12/2.6.14/akka-stream_2.12-2.6.14.jar:/home/sleipnir/.m2/repository/com/typesafe/akka/akka-actor_2.12/2.6.14/akka-actor_2.12-2.6.14.jar:/home/sleipnir/.m2/repository/com/typesafe/config/1.4.0/config-1.4.0.jar:/home/sleipnir/.m2/repository/org/scala-lang/modules/scala-java8-compat_2.12/0.8.0/scala-java8-compat_2.12-0.8.0.jar:/home/sleipnir/.m2/repository/com/typesafe/akka/akka-protobuf-v3_2.12/2.6.14/akka-protobuf-v3_2.12-2.6.14.jar:/home/sleipnir/.m2/repository/org/reactivestreams/reactive-streams/1.0.3/reactive-streams-1.0.3.jar:/home/sleipnir/.m2/repository/com/typesafe/ssl-config-core_2.12/0.4.2/ssl-config-core_2.12-0.4.2.jar:/home/sleipnir/.m2/repository/org/scala-lang/modules/scala-parser-combinators_2.12/1.1.2/scala-parser-combinators_2.12-1.1.2.jar:/home/sleipnir/.m2/repository/com/typesafe/akka/akka-discovery_2.12/2.6.14/akka-discovery_2.12-2.6.14.jar:/home/sleipnir/.m2/repository/ch/qos/logback/logback-classic/1.2.3/logback-classic-1.2.3.jar:/home/sleipnir/.m2/repository/ch/qos/logback/logback-core/1.2.11/logback-core-1.2.11.jar:/home/sleipnir/.m2/repository/org/slf4j/slf4j-api/1.7.36/slf4j-api-1.7.36.jar:/home/sleipnir/.m2/repository/com/typesafe/akka/akka-actor-testkit-typed_2.12/2.6.14/akka-actor-testkit-typed_2.12-2.6.14.jar:/home/sleipnir/.m2/repository/com/typesafe/akka/akka-actor-typed_2.12/2.6.14/akka-actor-typed_2.12-2.6.14.jar:/home/sleipnir/.m2/repository/com/typesafe/akka/akka-slf4j_2.12/2.6.14/akka-slf4j_2.12-2.6.14.jar:/home/sleipnir/.m2/repository/com/typesafe/akka/akka-testkit_2.12/2.6.14/akka-testkit_2.12-2.6.14.jar:/home/sleipnir/.m2/repository/com/typesafe/akka/akka-stream-testkit_2.12/2.6.14/akka-stream-testkit_2.12-2.6.14.jar:/home/sleipnir/.m2/repository/io/projectreactor/reactor-core/3.4.18/reactor-core-3.4.18.jar:/home/sleipnir/.m2/repository/org/springframework/boot/spring-boot-starter-test/2.7.0/spring-boot-starter-test-2.7.0.jar:/home/sleipnir/.m2/repository/org/springframework/boot/spring-boot-test/2.7.0/spring-boot-test-2.7.0.jar:/home/sleipnir/.m2/repository/org/springframework/boot/spring-boot-test-autoconfigure/2.7.0/spring-boot-test-autoconfigure-2.7.0.jar:/home/sleipnir/.m2/repository/com/jayway/jsonpath/json-path/2.7.0/json-path-2.7.0.jar:/home/sleipnir/.m2/repository/net/minidev/json-smart/2.4.8/json-smart-2.4.8.jar:/home/sleipnir/.m2/repository/net/minidev/accessors-smart/2.4.8/accessors-smart-2.4.8.jar:/home/sleipnir/.m2/repository/org/ow2/asm/asm/9.1/asm-9.1.jar:/home/sleipnir/.m2/repository/jakarta/xml/bind/jakarta.xml.bind-api/2.3.3/jakarta.xml.bind-api-2.3.3.jar:/home/sleipnir/.m2/repository/jakarta/activation/jakarta.activation-api/1.2.2/jakarta.activation-api-1.2.2.jar:/home/sleipnir/.m2/repository/org/assertj/assertj-core/3.22.0/assertj-core-3.22.0.jar:/home/sleipnir/.m2/repository/org/hamcrest/hamcrest/2.2/hamcrest-2.2.jar:/home/sleipnir/.m2/repository/org/junit/jupiter/junit-jupiter/5.8.2/junit-jupiter-5.8.2.jar:/home/sleipnir/.m2/repository/org/junit/jupiter/junit-jupiter-api/5.8.2/junit-jupiter-api-5.8.2.jar:/home/sleipnir/.m2/repository/org/opentest4j/opentest4j/1.2.0/opentest4j-1.2.0.jar:/home/sleipnir/.m2/repository/org/junit/platform/junit-platform-commons/1.8.2/junit-platform-commons-1.8.2.jar:/home/sleipnir/.m2/repository/org/apiguardian/apiguardian-api/1.1.2/apiguardian-api-1.1.2.jar:/home/sleipnir/.m2/repository/org/junit/jupiter/junit-jupiter-params/5.8.2/junit-jupiter-params-5.8.2.jar:/home/sleipnir/.m2/repository/org/junit/jupiter/junit-jupiter-engine/5.8.2/junit-jupiter-engine-5.8.2.jar:/home/sleipnir/.m2/repository/org/junit/platform/junit-platform-engine/1.8.2/junit-platform-engine-1.8.2.jar:/home/sleipnir/.m2/repository/org/mockito/mockito-core/4.5.1/mockito-core-4.5.1.jar:/home/sleipnir/.m2/repository/net/bytebuddy/byte-buddy/1.12.10/byte-buddy-1.12.10.jar:/home/sleipnir/.m2/repository/net/bytebuddy/byte-buddy-agent/1.12.10/byte-buddy-agent-1.12.10.jar:/home/sleipnir/.m2/repository/org/objenesis/objenesis/3.2/objenesis-3.2.jar:/home/sleipnir/.m2/repository/org/mockito/mockito-junit-jupiter/4.5.1/mockito-junit-jupiter-4.5.1.jar:/home/sleipnir/.m2/repository/org/skyscreamer/jsonassert/1.5.0/jsonassert-1.5.0.jar:/home/sleipnir/.m2/repository/com/vaadin/external/google/android-json/0.0.20131108.vaadin1/android-json-0.0.20131108.vaadin1.jar:/home/sleipnir/.m2/repository/org/springframework/spring-core/5.3.20/spring-core-5.3.20.jar:/home/sleipnir/.m2/repository/org/springframework/spring-jcl/5.3.20/spring-jcl-5.3.20.jar:/home/sleipnir/.m2/repository/org/springframework/spring-test/5.3.20/spring-test-5.3.20.jar:/home/sleipnir/.m2/repository/org/xmlunit/xmlunit-core/2.9.0/xmlunit-core-2.9.0.jar:/home/sleipnir/.m2/repository/io/projectreactor/reactor-test/3.4.18/reactor-test-3.4.18.jar:/home/sleipnir/.m2/repository/junit/junit/4.13.1/junit-4.13.1.jar:/home/sleipnir/.m2/repository/org/hamcrest/hamcrest-core/2.2/hamcrest-core-2.2.jar:"/>
    <property name="java.vm.specification.version" value="11"/>
    <property name="sun.arch.data.model" value="64"/>
    <property name="sun.java.command" value="/home/sleipnir/workspaces/eigr/spawn/sdks/jvm/spawn-jvm/target/surefire/surefirebooter9222279518251077546.jar /home/sleipnir/workspaces/eigr/spawn/sdks/jvm/spawn-jvm/target/surefire/surefire9935673762903826114tmp /home/sleipnir/workspaces/eigr/spawn/sdks/jvm/spawn-jvm/target/surefire/surefire4798599690236348587tmp"/>
    <property name="java.home" value="/usr/lib/jvm/java-11-openjdk-amd64"/>
    <property name="user.language" value="en"/>
    <property name="java.specification.vendor" value="Oracle Corporation"/>
    <property name="awt.toolkit" value="sun.awt.X11.XToolkit"/>
    <property name="java.vm.info" value="mixed mode, sharing"/>
    <property name="java.version" value="11.0.15"/>
    <property name="java.vendor" value="Private Build"/>
    <property name="java.awt.headless" value="true"/>
    <property name="localRepository" value="/home/sleipnir/.m2/repository"/>
    <property name="file.separator" value="/"/>
    <property name="java.version.date" value="2022-04-19"/>
    <property name="java.vendor.url.bug" value="Unknown"/>
    <property name="sun.io.unicode.encoding" value="UnicodeLittle"/>
    <property name="sun.cpu.endian" value="little"/>
    <property name="sun.desktop" value="gnome"/>
    <property name="sun.cpu.isalist" value=""/>
  </properties>
  <testcase classname="io.eigr.spawn.AppTest" name="shouldAnswerWithTrue" time="20.749"/>
</testsuite>